<?xml version="1.0" encoding="UTF-8"?>
<!-- Generated by org.testng.reporters.JUnitXMLReporter -->
<testsuite hostname="LAPTOP-04S758FM" ignored="0" name="Default test" tests="3" failures="0" timestamp="2023-05-10T10:35:59 IST" time="3.096" errors="0">
  <testcase name="runScenario" time="0.113" classname="io.cucumber.testng.AbstractTestNGCucumberTests"/>
  <testcase name="runScenario" time="0.016" classname="io.cucumber.testng.AbstractTestNGCucumberTests"/>
  <testcase name="runScenario" time="0.016" classname="io.cucumber.testng.AbstractTestNGCucumberTests"/>
</testsuite> <!-- Default test -->
