<?xml version="1.0" encoding="UTF-8"?>
<testng-results skipped="0" failed="0" ignored="0" total="3" passed="3">
  <reporter-output>
  </reporter-output>
  <suite name="Default suite" duration-ms="3096" started-at="2023-05-10T10:35:56 IST" finished-at="2023-05-10T10:35:59 IST">
    <groups>
      <group name="cucumber">
        <method signature="AbstractTestNGCucumberTests.runScenario(io.cucumber.testng.PickleWrapper,io.cucumber.testng.FeatureWrapper)[pri:0, instance:execution.RunAmazonTest@78ac1102]" name="runScenario" class="io.cucumber.testng.AbstractTestNGCucumberTests"/>
      </group> <!-- cucumber -->
    </groups>
    <test name="Default test" duration-ms="3096" started-at="2023-05-10T10:35:56 IST" finished-at="2023-05-10T10:35:59 IST">
      <class name="execution.RunAmazonTest">
        <test-method status="PASS" signature="setUpClass()[pri:0, instance:execution.RunAmazonTest@78ac1102]" name="setUpClass" is-config="true" duration-ms="288" started-at="2023-05-10T10:35:56 IST" finished-at="2023-05-10T10:35:56 IST">
          <reporter-output>
          </reporter-output>
        </test-method> <!-- setUpClass -->
        <test-method status="PASS" signature="runScenario(io.cucumber.testng.PickleWrapper,io.cucumber.testng.FeatureWrapper)[pri:0, instance:execution.RunAmazonTest@78ac1102]" name="runScenario" duration-ms="113" started-at="2023-05-10T10:35:56 IST" description="Runs Cucumber Scenarios" data-provider="scenarios" finished-at="2023-05-10T10:35:56 IST">
          <params>
            <param index="0">
              <value>
                <![CDATA["login page title"]]>
              </value>
            </param>
            <param index="1">
              <value>
                <![CDATA["Optional[Login]"]]>
              </value>
            </param>
          </params>
          <reporter-output>
          </reporter-output>
        </test-method> <!-- runScenario -->
        <test-method status="PASS" signature="runScenario(io.cucumber.testng.PickleWrapper,io.cucumber.testng.FeatureWrapper)[pri:0, instance:execution.RunAmazonTest@78ac1102]" name="runScenario" duration-ms="16" started-at="2023-05-10T10:35:56 IST" description="Runs Cucumber Scenarios" data-provider="scenarios" finished-at="2023-05-10T10:35:56 IST">
          <params>
            <param index="0">
              <value>
                <![CDATA["verify cart icon"]]>
              </value>
            </param>
            <param index="1">
              <value>
                <![CDATA["Optional[Login]"]]>
              </value>
            </param>
          </params>
          <reporter-output>
          </reporter-output>
        </test-method> <!-- runScenario -->
        <test-method status="PASS" signature="runScenario(io.cucumber.testng.PickleWrapper,io.cucumber.testng.FeatureWrapper)[pri:0, instance:execution.RunAmazonTest@78ac1102]" name="runScenario" duration-ms="16" started-at="2023-05-10T10:35:56 IST" description="Runs Cucumber Scenarios" data-provider="scenarios" finished-at="2023-05-10T10:35:56 IST">
          <params>
            <param index="0">
              <value>
                <![CDATA["Login to application"]]>
              </value>
            </param>
            <param index="1">
              <value>
                <![CDATA["Optional[Login]"]]>
              </value>
            </param>
          </params>
          <reporter-output>
          </reporter-output>
        </test-method> <!-- runScenario -->
        <test-method status="PASS" signature="tearDownClass()[pri:0, instance:execution.RunAmazonTest@78ac1102]" name="tearDownClass" is-config="true" duration-ms="2618" started-at="2023-05-10T10:35:56 IST" finished-at="2023-05-10T10:35:59 IST">
          <reporter-output>
          </reporter-output>
        </test-method> <!-- tearDownClass -->
      </class> <!-- execution.RunAmazonTest -->
    </test> <!-- Default test -->
  </suite> <!-- Default suite -->
</testng-results>
